<?xml version="1.0" encoding="UTF-8"?>
<testng-results ignored="0" total="1" passed="1" failed="0" skipped="0">
  <reporter-output>
  </reporter-output>
  <suite started-at="2024-02-27T22:08:14 IST" name="Default suite" finished-at="2024-02-27T22:08:43 IST" duration-ms="28557">
    <groups>
    </groups>
    <test started-at="2024-02-27T22:08:14 IST" name="Default test" finished-at="2024-02-27T22:08:43 IST" duration-ms="28557">
      <class name="testCases.RegistrationTestCase">
        <test-method is-config="true" signature="setUP()[pri:0, instance:testCases.RegistrationTestCase@233795b6]" started-at="2024-02-27T22:08:14 IST" name="setUP" finished-at="2024-02-27T22:08:21 IST" duration-ms="6986" status="PASS">
          <reporter-output>
          </reporter-output>
        </test-method> <!-- setUP -->
        <test-method signature="register()[pri:1, instance:testCases.RegistrationTestCase@233795b6]" started-at="2024-02-27T22:08:21 IST" name="register" finished-at="2024-02-27T22:08:43 IST" duration-ms="21471" status="PASS">
          <reporter-output>
          </reporter-output>
        </test-method> <!-- register -->
      </class> <!-- testCases.RegistrationTestCase -->
    </test> <!-- Default test -->
  </suite> <!-- Default suite -->
</testng-results>
